<?xml version="1.0" encoding="UTF-8"?>
<!-- Generated by org.testng.reporters.JUnitReportReporter -->
<testsuite skipped="0" hostname="DESKTOP-7HJVH8V" name="cucumberOptions.TestNgTestRunner" tests="8" failures="0" timestamp="2022-11-27T19:32:39 CET" time="0.218" errors="0">
  <testcase name="runScenario" time="0.017" classname="cucumberOptions.TestNgTestRunner"/>
  <system-out/>
  <testcase name="runScenario" time="0.017" classname="cucumberOptions.TestNgTestRunner"/>
  <system-out/>
  <testcase name="runScenario" time="0.014" classname="cucumberOptions.TestNgTestRunner"/>
  <system-out/>
  <testcase name="runScenario" time="0.023" classname="cucumberOptions.TestNgTestRunner"/>
  <system-out/>
  <testcase name="runScenario" time="0.023" classname="cucumberOptions.TestNgTestRunner"/>
  <system-out/>
  <testcase name="runScenario" time="0.015" classname="cucumberOptions.TestNgTestRunner"/>
  <system-out/>
  <testcase name="runScenario" time="0.014" classname="cucumberOptions.TestNgTestRunner"/>
  <system-out/>
  <testcase name="runScenario" time="0.095" classname="cucumberOptions.TestNgTestRunner"/>
  <system-out/>
</testsuite> <!-- cucumberOptions.TestNgTestRunner -->
